1542693310042	mozrunner::runner	INFO	Running command: "C:\\Program Files\\Mozilla Firefox\\firefox.exe" "-marionette" "-foreground" "-no-remote" "-profile" "C:\\Users\\Anna\\AppData\\Local\\Temp\\rust_mozprofile.aYEAD2WdwvBg"
1542693311218	Marionette	DEBUG	Received observer notification profile-after-change
1542693311309	Marionette	DEBUG	Received observer notification toplevel-window-ready
1542693311354	Marionette	DEBUG	Received observer notification command-line-startup
1542693311354	Marionette	DEBUG	Received observer notification nsPref:changed
1542693311354	Marionette	DEBUG	Init aborted (running=false, enabled=true, finalUIStartup=false)
1542693311576	Marionette	DEBUG	Received observer notification toplevel-window-ready
1542693312939	Marionette	DEBUG	Received observer notification sessionstore-windows-restored
1542693312939	Marionette	DEBUG	Waiting for delayed startup...
1542693313067	Marionette	DEBUG	Setting recommended pref security.turn_off_all_security_so_that_viruses_can_take_over_this_computer to true
1542693313067	Marionette	DEBUG	Setting recommended pref apz.content_response_timeout to 60000
1542693313068	Marionette	DEBUG	Setting recommended pref browser.download.panel.shown to true
1542693313068	Marionette	DEBUG	Setting recommended pref browser.pagethumbnails.capturing_disabled to true
1542693313069	Marionette	DEBUG	Setting recommended pref browser.search.update to false
1542693313069	Marionette	DEBUG	Setting recommended pref toolkit.cosmeticAnimations.enabled to false
1542693313070	Marionette	DEBUG	Setting recommended pref browser.tabs.disableBackgroundZombification to false
1542693313070	Marionette	DEBUG	Setting recommended pref browser.tabs.warnOnCloseOtherTabs to false
1542693313070	Marionette	DEBUG	Setting recommended pref browser.tabs.warnOnOpen to false
1542693313070	Marionette	DEBUG	Setting recommended pref browser.usedOnWindows10.introURL to 
1542693313070	Marionette	DEBUG	Setting recommended pref browser.urlbar.suggest.searches to false
1542693313071	Marionette	DEBUG	Setting recommended pref datareporting.policy.dataSubmissionPolicyAccepted to false
1542693313071	Marionette	DEBUG	Setting recommended pref dom.disable_beforeunload to true
1542693313071	Marionette	DEBUG	Setting recommended pref dom.disable_open_during_load to false
1542693313071	Marionette	DEBUG	Setting recommended pref dom.file.createInChild to true
1542693313072	Marionette	DEBUG	Setting recommended pref dom.max_chrome_script_run_time to 0
1542693313072	Marionette	DEBUG	Setting recommended pref dom.max_script_run_time to 0
1542693313072	Marionette	DEBUG	Setting recommended pref extensions.getAddons.cache.enabled to false
1542693313072	Marionette	DEBUG	Setting recommended pref extensions.webservice.discoverURL to http://%(server)s/dummy/discoveryURL
1542693313072	Marionette	DEBUG	Setting recommended pref network.http.prompt-temp-redirect to false
1542693313072	Marionette	DEBUG	Setting recommended pref network.http.speculative-parallel-limit to 0
1542693313072	Marionette	DEBUG	Setting recommended pref security.fileuri.strict_origin_policy to false
1542693313073	Marionette	DEBUG	Setting recommended pref security.notification_enable_delay to 0
1542693313073	Marionette	DEBUG	Setting recommended pref signon.autofillForms to false
1542693313073	Marionette	DEBUG	Setting recommended pref signon.rememberSignons to false
1542693313150	Marionette	INFO	Listening on port 52842
1542693313150	Marionette	DEBUG	Remote service is active
1542693313377	Marionette	DEBUG	Accepted connection 0 from 127.0.0.1:52883
1542693313379	Marionette	TRACE	0 -> [0,1,"WebDriver:NewSession",{"acceptInsecureCerts":true,"browserName":"firefox"}]
1542693313380	Marionette	WARN	TLS certificate errors will be ignored for this session
1542693313506	Marionette	DEBUG	[6442450945] Frame script loaded
1542693313515	Marionette	DEBUG	[6442450945] Frame script registered
1542693313522	Marionette	TRACE	0 <- [1,1,null,{"sessionId":"37ecbda0-82d2-4bf5-bc23-24ec11a4b78c","capabilities":{"browserName":"firefox","browserVersion":"63.0. ... AppData\\Local\\Temp\\rust_mozprofile.aYEAD2WdwvBg","moz:useNonSpecCompliantPointerOrigin":false,"moz:webdriverClick":true}}]
1542693313530	Marionette	TRACE	0 -> [0,2,"WebDriver:MaximizeWindow",{}]
1542693317034	Marionette	TRACE	0 <- [1,2,null,{"x":-8,"y":-8,"width":1382,"height":744,"state":"maximized"}]
1542693317037	Marionette	TRACE	0 -> [0,3,"WebDriver:SetTimeouts",{"implicit":3000}]
1542693317038	Marionette	TRACE	0 <- [1,3,null,{"value":null}]
1542693317041	Marionette	TRACE	0 -> [0,4,"WebDriver:Navigate",{"url":"https://learn.letskodeit.com/"}]
1542693317050	Marionette	DEBUG	[6442450945] Received DOM event beforeunload for about:blank
1542693317705	Marionette	DEBUG	[6442450945] Received DOM event pagehide for about:blank
1542693318794	Marionette	DEBUG	[6442450945] Received DOM event DOMContentLoaded for https://learn.letskodeit.com/
1542693320201	Marionette	DEBUG	[6442450945] Received DOM event pageshow for https://learn.letskodeit.com/
1542693320203	Marionette	TRACE	0 <- [1,4,null,{"value":null}]
1542693320483	Marionette	DEBUG	Closed connection 0
[Parent 15600, Gecko_IOThread] WARNING: pipe error: 109: file z:/build/build/src/ipc/chromium/src/chrome/common/ipc_channel_win.cc, line 346
[Parent 15600, Gecko_IOThread] WARNING: pipe error: 109: file z:/build/build/src/ipc/chromium/src/chrome/common/ipc_channel_win.cc, line 346
[Parent 15600, Gecko_IOThread] WARNING: pipe error: 109: file z:/build/build/src/ipc/chromium/src/chrome/common/ipc_channel_win.cc, line 346
[Child 10336, Chrome_ChildThread] WARNING: pipe error: 109: file z:/build/build/src/ipc/chromium/src/chrome/common/ipc_channel_win.cc, line 346
[Child 10336, Chrome_ChildThread] WARNING: pipe error: 109: file z:/build/build/src/ipc/chromium/src/chrome/common/ipc_channel_win.cc, line 346
1542693471479	Marionette	DEBUG	Received observer notification xpcom-will-shutdown
1542693471480	Marionette	DEBUG	Resetting recommended pref security.turn_off_all_security_so_that_viruses_can_take_over_this_computer
1542693471480	Marionette	DEBUG	Resetting recommended pref apz.content_response_timeout
1542693471480	Marionette	DEBUG	Resetting recommended pref browser.download.panel.shown
1542693471480	Marionette	DEBUG	Resetting recommended pref browser.pagethumbnails.capturing_disabled
1542693471480	Marionette	DEBUG	Resetting recommended pref browser.search.update
1542693471480	Marionette	DEBUG	Resetting recommended pref toolkit.cosmeticAnimations.enabled
1542693471481	Marionette	DEBUG	Resetting recommended pref browser.tabs.disableBackgroundZombification
1542693471481	Marionette	DEBUG	Resetting recommended pref browser.tabs.warnOnCloseOtherTabs
1542693471482	Marionette	DEBUG	Resetting recommended pref browser.tabs.warnOnOpen
1542693471482	Marionette	DEBUG	Resetting recommended pref browser.usedOnWindows10.introURL
1542693471483	Marionette	DEBUG	Resetting recommended pref browser.urlbar.suggest.searches
1542693471483	Marionette	DEBUG	Resetting recommended pref datareporting.policy.dataSubmissionPolicyAccepted
1542693471483	Marionette	DEBUG	Resetting recommended pref dom.disable_beforeunload
1542693471484	Marionette	DEBUG	Resetting recommended pref dom.disable_open_during_load
1542693471484	Marionette	DEBUG	Resetting recommended pref dom.file.createInChild
1542693471484	Marionette	DEBUG	Resetting recommended pref dom.max_chrome_script_run_time
1542693471484	Marionette	DEBUG	Resetting recommended pref dom.max_script_run_time
1542693471484	Marionette	DEBUG	Resetting recommended pref extensions.getAddons.cache.enabled
1542693471485	Marionette	DEBUG	Resetting recommended pref extensions.webservice.discoverURL
1542693471485	Marionette	DEBUG	Resetting recommended pref network.http.prompt-temp-redirect
1542693471485	Marionette	DEBUG	Resetting recommended pref network.http.speculative-parallel-limit
1542693471485	Marionette	DEBUG	Resetting recommended pref security.fileuri.strict_origin_policy
1542693471485	Marionette	DEBUG	Resetting recommended pref security.notification_enable_delay
1542693471485	Marionette	DEBUG	Resetting recommended pref signon.autofillForms
1542693471485	Marionette	DEBUG	Resetting recommended pref signon.rememberSignons
1542693471486	Marionette	INFO	Stopped listening on port 52842
1542693471486	Marionette	DEBUG	Remote service is inactive

###!!! [Child][RunMessage] Error: Channel closing: too late to send/recv, messages will be lost

[GPU 15480, 
###!!! [Child][MessageChannel::SendAndWait] Error: Channel error: cannot send/recv

1542695727641	mozrunner::runner	INFO	Running command: "C:\\Program Files\\Mozilla Firefox\\firefox.exe" "-marionette" "-foreground" "-no-remote" "-profile" "C:\\Users\\Anna\\AppData\\Local\\Temp\\rust_mozprofile.u5hCwnI3ZntL"
1542695731834	Marionette	INFO	Listening on port 51263
1542695732058	Marionette	WARN	TLS certificate errors will be ignored for this session
[Parent 9416, Gecko_IOThread] WARNING: pipe error: 109: file z:/build/build/src/ipc/chromium/src/chrome/common/ipc_channel_win.cc, line 346
[Parent 9416, Gecko_IOThread] WARNING: pipe error: 109: file z:/build/build/src/ipc/chromium/src/chrome/common/ipc_channel_win.cc, line 346
[Child 11448, Chrome_ChildThread] WARNING: pipe error: 109: file z:/build/build/src/ipc/chromium/src/chrome/common/ipc_channel_win.cc, line 346
[Child 11448, Chrome_ChildThread] WARNING: pipe error: 109: file z:/build/build/src/ipc/chromium/src/chrome/common/[Child 10188, Chrome_ChildThread] WARNING: pipe error: 109: file z:/build/build/src/ipc/chromium/src/chrome/common/ipc_channel_win.cc, line 346
[Child 10188, Chrome_ChildThread] WARNING: pipe error: 109: [Parent 9416, Gecko_IOThread] WARNING: pipe error: 109: file z:/build/build/src/ipc/chromium/src/chrome/common/ipc_channel_win.cc, line 346
1542695923927	Marionette	INFO	Stopped listening on port 51263

###!!! [Child][RunMessage] Error: Channel closing: too late to send/recv, messages will be lost

[GPU 16332, Chro
###!!! [Child][MessageChannel::SendAndWait] Error: Channel error: cannot send/recv

o
###!!! [Child][MessageChannel::SendAndWait] Error: Channel error: cannot send/recv

1542708386990	mozrunner::runner	INFO	Running command: "C:\\Program Files\\Mozilla Firefox\\firefox.exe" "-marionette" "-foreground" "-no-remote" "-profile" "C:\\Users\\Anna\\AppData\\Local\\Temp\\rust_mozprofile.N5rwfXX1vRov"
1542708391832	Marionette	INFO	Listening on port 51517
1542708392108	Marionette	WARN	TLS certificate errors will be ignored for this session
console.error: BroadcastService: 
  receivedBroadcastMessage: handler for
  remote-settings/monitor_changes
  threw error:
  Message: Error: Polling for changes failed: NetworkError when attempting to fetch resource..
  Stack:
    remoteSettingsFunction/remoteSettings.pollChanges@resource://services-settings/remote-settings.js:721:13

[Parent 10412, Gecko_IOThread] WARNING: pipe error: 109: file z:/build/build/src/ipc/chromium/src/chrome/common/ipc_channel_win.cc, line 346
[Child 6440, Chrome_ChildThread] WARNING: pipe error: 109: file z:/build/build/src/ipc/chromium/src/chrome/common/ipc_channel_win.cc, line 346
[Child 6440, Chrome_ChildThread] WARNING: pipe error: 109: file z:/build/build/src/ipc/chromium/src/chrome/common/ipc_channel_win.cc, line 346
[Parent 10412, Gecko_IOThread] WARNING: pipe error: 109: file z:/build/build/src/ipc/chromium/src/chrome/common/ipc_channel_win.cc, line 346
[Parent 10412, Gecko_IOThread] WARNING: pipe error: 109: file z:/build/build/src/ipc/chromium/src/chrome/common/ipc_channel_win.cc, line 346
1542721445314	Marionette	INFO	Stopped listening on port 51517

###!!! [Child][MessageChannel::SendAndWait] Error: Channel error: cannot send/recv

build/src/ipc/chromium/src/chrome/common/ipc_channel_win.cc, line 346
[Parent 8596, Gecko_IOThread] WARNING: file z:/build/build/src/ipc/chromium/src/base/process_util_win.cc, line 188
1542721443509	Marionette	INFO	Stopped listening on port 55484

###!!! [Child][MessageChannel::SendAndWait] Error: Channel error: cannot send/recv

teSettingsFunction/remoteSettings.pollChanges@resource://services-settings/remote-settings.js:721:13

[Parent 14372, Gecko_IOThread] WARNING: pipe error: 109: file z:/build/build/src/ipc/chromium/src/chrome/common/ipc_channel_win.cc, line 346
[Parent 14372, Gecko_IOThread] WARNING: pipe error: 109: file z:/build/build/src/ipc/chromium/src/chrome/common/ipc_channel_win.cc, line 346
[Child 13524, Chrome_ChildThread] WARNING: pipe error: 109: file z:/build/build/src/ipc/chromium/src/chrome/common/ipc_channel_win.cc, line 346
[Child 13524, Chrome_ChildThread] WARNING: pipe error: 109: file z:/build/build/src/ipc/chromium1542721446182	Marionette	INFO	Stopped listening on port 52707

###!!! [Child][RunMessage] Error: Channel closing: too late to send/recv, messages will be lost

[GPU 546
###!!! [Child][Parent 10880, Gecko_IOThread] WARNING: pipe error: 109: file z:/build/build/src/ipc/chromium/src/chrome/common/ipc_channel_win.cc, line 346
[Parent 10880, Gecko_IOThread] WARNING: pipe error: 109: file z:/build/build/src/ipc/chromium/src/chrome/common/ipc_channel_win.cc, line 346
[Child 12736, Chrome_ChildThread] WARNING: pipe error: 109: file z:/build/build/src/[Parent 8472, Gecko_IOThread] WARNING: pipe error: 109: file z:/build/build/src/ipc/chromium/src/chrome/common/ipc_channel_win.cc, line 346
[Parent 8472, Gecko_IOThread] WARNING: pipe error: 109: file z:/build/build/src/ipc/chromium/src/chrome/common/ipc_channel_win.cc, line 346
[Child 14824, Chrome_ChildThread] WARNING: pipe error: 109: file z:/build/build/src/ipc/chromium/src/chrome/common/ipc_channel_win.cc, line 346
[Child 14824, Chrome_ChildThread] WARNING[Child 5748, Chrome_ChildThread] WARNING: pipe error: 109: file z:/build/build/src/ipc/chromium/src/chrome/common/ipc_channel_win.cc, line 346
[Parent 8472, Gecko_IOThread] WARNING: pipe error: 109: file z:/build/build/src/ipc/chromium/src/chrome/common/ipc_channel_win.cc, line 346
[Child 6168, Chrome_ChildThread] WARNING: pipe error: 109: file z:/build/build/src/ipc/chromium/src/chrome/common/ipc_channel_win.cc, line 346
[Child 6168, Chrome_ChildThread] WARNING: pipe error: 1542721447970	Marionette	INFO	Stopped listening on port 52346

###!!! [Child][RunMessage] Error: Channel closing: too late to send/recv, messages will be lost

[GPU 792, Ch
###!!! [Child][MessageChannel::SendAndWait] Error: Channel error: cannot send/recv

 cannot send/recv

1542721409768	mozrunner::runner	INFO	Running command: "C:\\Program Files\\Mozilla Firefox\\firefox.exe" "-marionette" "-foreground" "-no-remote" "-profile" "C:\\Users\\Anna\\AppData\\Local\\Temp\\rust_mozprofile.gCbFmXrwT29k"
1542721413439	Marionette	INFO	Listening on port 58159
1542721413723	Marionette	WARN	TLS certificate errors will be ignored for this session
1542721428662	Marionette	INFO	Stopped listening on port 58159
[Child 10712, Chrome_ChildThread] WARNING: pipe error: 109: file z:/build/build/src/ipc/chromium/src/chrome/common/ipc_channel_win.cc, line 346
[Child 10712, Chrome_ChildThread] WARNING: pipe error: 109: file z:/build/build/src/ipc/chromium/src/chrome/common/ipc_channel_win.cc, line 346
[Child 13588, Chrome_ChildThread] WARNING: pipe error: 109: file z:/build/build/src/ipc/chromium/src/chrome/common/ipc_channel_win.cc, line 346
[Child 13588, Chrome_ChildThread] WARNING: pipe error: 109: file z:/build/build/src/ipc/chromium/src/chrome/common/ipc_channel_win.cc, line 346
[Parent 5464, Gecko_IOThread] WARNING: pipe error: 109: file z:/build/build/src/ipc/chromium/src/chrome/common/ipc_channel_win.cc, line 346
[GPU 9068, Chrome_ChildThread] WARNING: pipe error: 109: file z:/build/build/src/ipc/chromium/src/chrome/common/ipc_channel_win.cc, line 346

###!!! [Child][MessageChannel::SendAndWait] Error: Channel error: cannot send/recv

1542723473596	mozrunner::runner	INFO	Running command: "C:\\Program Files\\Mozilla Firefox\\firefox.exe" "-marionette" "-foreground" "-no-remote" "-profile" "C:\\Users\\Anna\\AppData\\Local\\Temp\\rust_mozprofile.DLNxNTkm3Jz6"
1542723476863	Marionette	INFO	Listening on port 52127
1542723476934	Marionette	WARN	TLS certificate errors will be ignored for this session
console.error: BroadcastService: 
  receivedBroadcastMessage: handler for
  remote-settings/monitor_changes
  threw error:
  Message: Error: Polling for changes failed: NetworkError when attempting to fetch resource..
  Stack:
    remoteSettingsFunction/remoteSettings.pollChanges@resource://services-settings/remote-settings.js:721:13

[Parent 16576, Gecko_IOThread] WARNING: pipe error: 109: file z:/build/build/src/ipc/chromium/src/chrome/common/ipc_channel_win.cc, line 346
[Parent 16576, Gecko_IOThread] WARNING: pipe error: 109: file z:/build/build/src/ipc/chromium/src/chrome/common/ipc_channel_win.cc, line 346
[Parent 16576, Gecko_IOThread] WARNING: pipe error: 109: file z:/build/build/src/ipc/chromium/src/chrome/common/ipc_channel_win.cc, line 346
[Child 11024, Chrome_ChildThread] WARNING: pipe error: 109: file z:/build/build/src/ipc/chromium/src/chrome/common/ipc_channel_win.cc, line 346
[Child 11024, Chrome_ChildThread] WARNING: pipe error: 109: file z:/build/build/src/ipc/chromium/src/chr1542725857718	Marionette	INFO	Stopped listening on port 52127

###!!! [Child][RunMessage] Error: Channel closing: too late to send/recv, messages will be lost

[GPU 12424,
###!!! [Child][MessageChannel::SendAndWait] Error: Channel error: cannot send/recv

ipc/chromium/src/chrome/common/ipc_channel_win.cc, line 346
[Child 6180, Chrome_ChildThread] WARNING: pipe err[Parent 18384, Gecko_IOThread] WARNING: pipe error: 109: file z:/build/build/src/ipc/chromium/src/chrome/common/ipc_channel_win.cc, line 346
[Child 7108, Chrome_ChildThread] WARNING: pipe error: 109: file z:/build/build/src/ipc/chromium/src/chrome/common/ipc_channel_win.cc, line 346
[Child 7108, Chrome_Ch1542725854904	Marionette	INFO	Stopped listening on port 56147

###!!! [Child][RunMessage] Error: Channel closing: too late to send/recv, messages will be lost

[GPU 14424, Ch
###!!! [Child][MessageChannel::SendAndWait] Error: Channel error: cannot send/recv

 line 346

###!!! [Child][RunMessage] Error: Channel closing: too late to send/recv, messages will be lost

[GPU 14596, Chro
###!!! [Child][MessageChannel::SendAndWait] Error: Channel error: cannot send/recv

1542725825102	mozrunner::runner	INFO	Running command: "C:\\Program Files\\Mozilla Firefox\\firefox.exe" "-marionette" "-foreground" "-no-remote" "-profile" "C:\\Users\\Anna\\AppData\\Local\\Temp\\rust_mozprofile.pIUYUQe2QS1j"
1542725828193	Marionette	INFO	Listening on port 49919
1542725828418	Marionette	WARN	TLS certificate errors will be ignored for this session
1542725835522	Marionette	INFO	Stopped listening on port 49919
[Child 17092, Chrome_ChildThread] WARNING: pipe error: 109: file z:/build/build/src/ipc/chromium/src/chrome/common/ipc_channel_win.cc, line 346
[Child 17092, Chrome_ChildThread] WARNING: pipe error: 109: file z:/build/build/src/ipc/chromium/src/chrome/common/ipc_channel_win.cc, line 346
[Parent 18156, Gecko_IOThread] WARNING: pipe error: 109: file z:/build/build/src/ipc/chromium/src/chrome/common/ipc_channel_win.cc, line 346
[Parent 18156, Gecko_IOThread] WARNING: pipe error: 109: file z:/build/build/src/ipc/chromium/src/chrome/common/ipc_channel_win.cc, line 346
[Child 1720, Chrome_ChildThread] WARNING: pipe error: 109: file z:/build/build/src/ipc/chromium/src/chrome/common/ipc_channel_win.cc, line 346
[Child 17
###!!! [Child][RunMessage] Error: Channel closing: too late to send/recv, messages will be lost

[GPU 3180, 
###!!! [Child][MessageChannel::SendAndWait] Error: Channel error: cannot send/recv

1542725911436	mozrunner::runner	INFO	Running command: "C:\\Program Files\\Mozilla Firefox\\firefox.exe" "-marionette" "-foreground" "-no-remote" "-profile" "C:\\Users\\Anna\\AppData\\Local\\Temp\\rust_mozprofile.MRi10uGUs9Ds"
1542725914263	Marionette	INFO	Listening on port 51093
1542725914761	Marionette	WARN	TLS certificate errors will be ignored for this session
1542725922157	Marionette	INFO	Stopped listening on port 51093
[Child 3684, Chrome_ChildThread] WARNING: pipe error: 109: file z:/build/build/src/ipc/chromium/src/chrome/common/ipc_channel_win.cc, line 346
[Child 3684, Chrome_ChildThread] WARNING: pipe error: 109: file z:/build/build/src/ipc/chromium/src/chrome/common/ipc_channel_win.cc, line 346
[Child 13900, Chrome_ChildThread] WARNING: pipe error: 109: file z:/build/build/src/ipc/chromium/src/chrome/common/ipc_channel_win.cc, line 346
[Child 13900, Chrome_ChildThread] WARNING: pipe error: 109: file z:/build/build/src/ipc/chromium/src/chrome/common/ipc_channel_win.cc, line 346
[Parent 7928, Gecko_IOThread] WARNING: pipe error: 109: file z:/build/build/src/ipc/chromium/src/chrome/common/ipc_channel_win.cc, line 346
[Child 18424, Chrome_ChildThread] WARNING: pipe error: 109: file z:/build/build/src/ipc/chromium/src/chrome/common/ipc_channel_win.cc, line 346
[Child 18
###!!! [Child][RunMessage] Error: Channel closing: too late to send/recv, messages will be lost

[GPU 2460
###!!! [Child][MessageChannel::SendAndWait] Error: Channel error: cannot send/recv

1542725964081	mozrunner::runner	INFO	Running command: "C:\\Program Files\\Mozilla Firefox\\firefox.exe" "-marionette" "-foreground" "-no-remote" "-profile" "C:\\Users\\Anna\\AppData\\Local\\Temp\\rust_mozprofile.EiO52CzRL7rw"
1542725966673	Marionette	INFO	Listening on port 51837
1542725966912	Marionette	WARN	TLS certificate errors will be ignored for this session
1542725973712	Marionette	INFO	Stopped listening on port 51837
[Parent 17248, Gecko_IOThread] WARNING: pipe error: 109: file z:/build/build/src/ipc/chromium/src/chrome/common/ipc_channel_win.cc, line 346
[Child 18120, Chrome_ChildThread] WARNING: pipe error: 109: file z:/build/build/src/ipc/chromium/src/chrome/common/ipc_channel_win.cc, line 346
[Child 181[Parent 17248, Gecko_IOThread] WARNING: pipe error: 109: file z:/build/build/src/ipc/chromium/src/chrome/common/ipc_channel_win.cc, line 346
[Child 4248, Chrome_ChildThread] WARNING: pipe error: 109: file z:/build/build/src/ipc/chromium/src/chrome/common/ipc_channel_win.cc, line 346
[Child 4248, Chrome_ChildThread] WARNING: pipe error: 109: file z:/build/build/src/ipc/chrom
###!!! [Child][RunMessage] Error: Channel closing: too late to send/recv, messages will be lost

[GPU 9316, Chrome_ChildThread] WARNING: pipe error: 109: file z:/build/build/src/ipc/chromium/src/chrome/common/ipc_channel_win.cc, line 346

###!!! [Child][MessageChannel::SendAndWait] Error: Channel error: cannot send/recv

1542726193915	mozrunner::runner	INFO	Running command: "C:\\Program Files\\Mozilla Firefox\\firefox.exe" "-marionette" "-foreground" "-no-remote" "-profile" "C:\\Users\\Anna\\AppData\\Local\\Temp\\rust_mozprofile.Vw40wT5I5c9F"
1542726196659	Marionette	INFO	Listening on port 54859
1542726196757	Marionette	WARN	TLS certificate errors will be ignored for this session
1542726203726	Marionette	INFO	Stopped listening on port 54859
[Child 9664, Chrome_ChildThread] WARNING: pipe error: 109: file z:/build/build/src/ipc/chromium/src/chrome/common/ipc_channel_win.cc, line 346
[Child 9664, Chrome_ChildThread] WARNING: pipe error: 109: file z:/build/build/src/ipc/chromium/src/chrome/common/ipc_channel_win.cc, line 346
[Parent 10844, Gecko_IOThread] WARNING: pipe error: 109: file z:/build/build/src/ipc/chromium/src/chrome/common/ipc_channel_win.cc, line 346
[Parent 10844, Gecko_IOThread] WARNING: pipe error: 109: file z:/build/build/src/ipc/chromium/src/chrome/common/ipc_channel_win.cc, line 346
[Child 14888, Chrome_ChildThread] WARNING: pipe error: 109: file z:/build/build/src/ipc/chromium/src/chrome/common/ipc_channel_win.cc, line 346
[Child 148
###!!! [Child][RunMessage] Error: Channel closing: too late to send/recv, messages will be lost

[GPU 15540, Chrome_ChildThread] WA
###!!! [Child][MessageChannel::SendAndWait] Error: Channel error: cannot send/recv

1542726313477	mozrunner::runner	INFO	Running command: "C:\\Program Files\\Mozilla Firefox\\firefox.exe" "-marionette" "-foreground" "-no-remote" "-profile" "C:\\Users\\Anna\\AppData\\Local\\Temp\\rust_mozprofile.fNxxss6M8YpR"
1542726316252	Marionette	INFO	Listening on port 56480
1542726316312	Marionette	WARN	TLS certificate errors will be ignored for this session
1542726333506	Marionette	INFO	Stopped listening on port 56480
[Child 1544, Chrome_ChildThread] WARNING: pipe error: 109: file z:/build/build/src/ipc/chromium/src/chrome/common/ipc_channel_win.cc, line 346
[Child 1544, Chrome_ChildThread] WARNING: pipe error: 109: file z:/build/build/src/ipc/chromium/src/chrome/common/ipc_channel_win.cc, line 346
[Parent 18060, Gecko_IOThread] WARNING: pipe error: 109: file z:/build/build/src/ipc/chromium/src/chrome/common/ipc_channel_win.cc, line 346
[Child 17372, Chrome_ChildThread] WARNING: pipe error: 109: file z:/build/build/src/ipc/chromium/src/chrome/common/ipc_channel_win.cc, line 346
[Child 17372, Chrome_ChildThread] WARNING: pipe error: 109: file z:/build/build/src/ipc/chromium/src/chrome/common/ipc_channel_win.cc, line 346
[Parent 18060, Gecko_IOThread] WARNING: pipe error: 109: file z:/build/build/src/ipc/chromium/src/chrome/common/ipc_channel_win.cc, line 346

###!!! [Child][RunMessage] Error: Channel closing: too late to send/recv, messages will be lost

[GPU 15512
###!!! [Child][MessageChannel::SendAndWait] Error: Channel error: cannot send/recv

